[utid.ut.ac.ir/animated_favicon1.gif]
[utid.ut.ac.ir/js/jq3.js]
[utid.ut.ac.ir/js/jquery.js]
[utid.ut.ac.ir/js/main.min.js]
[backblue.gif]
[fade.gif]
[index.html]
[utid.ut.ac.ir/js/in.js]
[utid.ut.ac.ir/images/sitenameNewBig.png]
[utid.ut.ac.ir/user/login.html]
[utid.ut.ac.ir/css/ml.css]
[utid.ut.ac.ir/css/style.min.css]
[utid.ut.ac.ir/css/passwordscheck.css]
[utid.ut.ac.ir/css/rtl.min.css]
[utid.ut.ac.ir/user/Trident/index.html]
[utid.ut.ac.ir/user/Edge/index.html]
[utid.ut.ac.ir/user/loginf5b0.html]
[utid.ut.ac.ir/user/pass/recover.html]
[utid.ut.ac.ir/user/profile.html]
[utid.ut.ac.ir/css/grabbing.html]
[utid.ut.ac.ir/css/AjaxLoader.html]
[utid.ut.ac.ir/user/Trident.html]
[utid.ut.ac.ir/user/Edge.html]
[utid.ut.ac.ir/user/pass/Trident/index.html]
[utid.ut.ac.ir/user/pass/Edge/index.html]
[utid.ut.ac.ir/user/pass/Trident.html]
[utid.ut.ac.ir/user/pass/Edge.html]
